<?xml version="1.0" encoding="UTF-8"?>
<!-- Generated by org.testng.reporters.JUnitReportReporter -->
<testsuite hostname="DESKTOP-77NMEU4" failures="0" tests="6" name="api.test.DDTests" time="10.972" errors="0" timestamp="2024-05-01T23:16:08 IST" skipped="0">
  <testcase classname="api.test.DDTests" name="testPostuser" time="1.418"/>
  <system-out/>
  <testcase classname="api.test.DDTests" name="testPostuser" time="3.744"/>
  <system-out/>
  <testcase classname="api.test.DDTests" name="testPostuser" time="1.491"/>
  <system-out/>
  <testcase classname="api.test.DDTests" name="testDeleteUserByName" time="1.459"/>
  <system-out/>
  <testcase classname="api.test.DDTests" name="testDeleteUserByName" time="1.460"/>
  <system-out/>
  <testcase classname="api.test.DDTests" name="testDeleteUserByName" time="1.400"/>
  <system-out/>
</testsuite> <!-- api.test.DDTests -->
