<?xml version="1.0" encoding="UTF-8"?>
<!-- Generated by org.testng.reporters.JUnitReportReporter -->
<testsuite hostname="DESKTOP-77NMEU4" failures="0" tests="4" name="api.test.UserTests" time="11.101" errors="0" timestamp="2024-05-03T11:47:56 IST" skipped="0">
  <testcase classname="api.test.UserTests" name="testPostUser" time="4.477"/>
  <system-out/>
  <testcase classname="api.test.UserTests" name="testGetUserByName" time="1.830"/>
  <system-out/>
  <testcase classname="api.test.UserTests" name="testUpdateUserByName" time="3.195"/>
  <system-out/>
  <testcase classname="api.test.UserTests" name="testDeleteUserByName" time="1.599"/>
  <system-out/>
</testsuite> <!-- api.test.UserTests -->
