<?xml version="1.0" encoding="UTF-8"?>
<!-- Generated by org.testng.reporters.JUnitReportReporter -->
<testsuite hostname="DESKTOP-77NMEU4" failures="0" tests="4" name="api.test.UserTests2" time="9.527" errors="0" timestamp="2024-05-01T20:15:07 IST" skipped="0">
  <testcase classname="api.test.UserTests2" name="testPostUser" time="3.620"/>
  <system-out/>
  <testcase classname="api.test.UserTests2" name="testGetUserByName" time="1.502"/>
  <system-out/>
  <testcase classname="api.test.UserTests2" name="testUpdateUserByName" time="2.967"/>
  <system-out/>
  <testcase classname="api.test.UserTests2" name="testDeleteUserByName" time="1.438"/>
  <system-out/>
</testsuite> <!-- api.test.UserTests2 -->
